<?xml version="1.0" encoding="UTF-8"?>
<!-- Generated by org.testng.reporters.JUnitReportReporter -->
<testsuite hostname="LAPTOP-VUKRU3VR" name="com.testcases.Googlehome" tests="1" failures="0" timestamp="10 Mar 2021 22:53:36 GMT" time="3.044" errors="0">
  <testcase name="searchFeature" time="3.044" classname="com.testcases.Googlehome"/>
</testsuite> <!-- com.testcases.Googlehome -->
